[2025-11-25 13:08:05,209] INFO: EUR/USD 2025-11-25 23:06:00 OPEN 1.15294 CLOSE 1.15296 => BUY
[2025-11-25 13:08:05,795] INFO: Telegram response: {'ok': True, 'result': {'message_id': 374, 'from': {'id': 8237319754, 'is_bot': True, 'first_name': 'TRADE Algorithms', 'username': 'Trader_algor_bot'}, 'chat': {'id': 7779937295, 'first_name': 'Silver coin', 'last_name': 'Trader', 'username': 'Chrisdetrader', 'type': 'private'}, 'date': 1764072486, 'text': 'EUR/USD 2025-11-25 23:06:00 OPEN 1.15294 CLOSE 1.15296 => BUY'}}
[2025-11-25 13:08:06,298] INFO: AUD/USD 2025-11-25 23:06:00 OPEN 0.6451 CLOSE 0.64512 => BUY
[2025-11-25 13:08:06,869] INFO: Telegram response: {'ok': True, 'result': {'message_id': 375, 'from': {'id': 8237319754, 'is_bot': True, 'first_name': 'TRADE Algorithms', 'username': 'Trader_algor_bot'}, 'chat': {'id': 7779937295, 'first_name': 'Silver coin', 'last_name': 'Trader', 'username': 'Chrisdetrader', 'type': 'private'}, 'date': 1764072487, 'text': 'AUD/USD 2025-11-25 23:06:00 OPEN 0.6451 CLOSE 0.64512 => BUY'}}
[2025-11-25 13:09:07,841] INFO: EUR/USD 2025-11-25 23:07:00 OPEN 1.15296 CLOSE 1.15281 => SELL
[2025-11-25 13:09:08,374] INFO: Telegram response: {'ok': True, 'result': {'message_id': 376, 'from': {'id': 8237319754, 'is_bot': True, 'first_name': 'TRADE Algorithms', 'username': 'Trader_algor_bot'}, 'chat': {'id': 7779937295, 'first_name': 'Silver coin', 'last_name': 'Trader', 'username': 'Chrisdetrader', 'type': 'private'}, 'date': 1764072549, 'text': 'EUR/USD 2025-11-25 23:07:00 OPEN 1.15296 CLOSE 1.15281 => SELL'}}
[2025-11-25 13:09:08,848] INFO: AUD/USD 2025-11-25 23:07:00 OPEN 0.64514 CLOSE 0.64493 => SELL
[2025-11-25 13:09:09,403] INFO: Telegram response: {'ok': True, 'result': {'message_id': 377, 'from': {'id': 8237319754, 'is_bot': True, 'first_name': 'TRADE Algorithms', 'username': 'Trader_algor_bot'}, 'chat': {'id': 7779937295, 'first_name': 'Silver coin', 'last_name': 'Trader', 'username': 'Chrisdetrader', 'type': 'private'}, 'date': 1764072550, 'text': 'AUD/USD 2025-11-25 23:07:00 OPEN 0.64514 CLOSE 0.64493 => SELL'}}
[2025-11-25 13:10:10,424] INFO: EUR/USD 2025-11-25 23:08:00 OPEN 1.15282 CLOSE 1.15283 => BUY
[2025-11-25 13:10:10,976] INFO: Telegram response: {'ok': True, 'result': {'message_id': 378, 'from': {'id': 8237319754, 'is_bot': True, 'first_name': 'TRADE Algorithms', 'username': 'Trader_algor_bot'}, 'chat': {'id': 7779937295, 'first_name': 'Silver coin', 'last_name': 'Trader', 'username': 'Chrisdetrader', 'type': 'private'}, 'date': 1764072612, 'text': 'EUR/USD 2025-11-25 23:08:00 OPEN 1.15282 CLOSE 1.15283 => BUY'}}
[2025-11-25 13:10:11,506] INFO: AUD/USD 2025-11-25 23:08:00 OPEN 0.64493 CLOSE 0.64494 => BUY
[2025-11-25 13:10:12,209] INFO: Telegram response: {'ok': True, 'result': {'message_id': 379, 'from': {'id': 8237319754, 'is_bot': True, 'first_name': 'TRADE Algorithms', 'username': 'Trader_algor_bot'}, 'chat': {'id': 7779937295, 'first_name': 'Silver coin', 'last_name': 'Trader', 'username': 'Chrisdetrader', 'type': 'private'}, 'date': 1764072613, 'text': 'AUD/USD 2025-11-25 23:08:00 OPEN 0.64493 CLOSE 0.64494 => BUY'}}
[2025-11-25 13:11:17,391] INFO: EUR/USD 2025-11-25 23:09:00 OPEN 1.15282 CLOSE 1.15275 => SELL
[2025-11-25 13:11:28,073] ERROR: Telegram send failed: 
Traceback (most recent call last):
  File "/data/data/com.termux/files/home/silvercoin-backend/sniper_loop.py", line 56, in send_telegram
    async with s.post(url, json=payload, timeout=10) as r:
               ^^^^^^^^^^^^^^^^^^^^^^^^^^^^^^^^^^^^^
  File "/data/data/com.termux/files/usr/lib/python3.12/site-packages/aiohttp/client.py", line 1197, in __aenter__
    self._resp = await self._coro
                 ^^^^^^^^^^^^^^^^
  File "/data/data/com.termux/files/usr/lib/python3.12/site-packages/aiohttp/client.py", line 507, in _request
    with timer:
         ^^^^^
  File "/data/data/com.termux/files/usr/lib/python3.12/site-packages/aiohttp/helpers.py", line 735, in __exit__
    raise asyncio.TimeoutError from None
TimeoutError
[2025-11-25 13:11:31,099] INFO: AUD/USD 2025-11-25 23:09:00 OPEN 0.64493 CLOSE 0.64493 => NEUTRAL
[2025-11-25 13:12:32,108] INFO: EUR/USD 2025-11-25 23:11:00 OPEN 1.15266 CLOSE 1.15267 => BUY
[2025-11-25 13:12:32,911] INFO: Telegram response: {'ok': True, 'result': {'message_id': 380, 'from': {'id': 8237319754, 'is_bot': True, 'first_name': 'TRADE Algorithms', 'username': 'Trader_algor_bot'}, 'chat': {'id': 7779937295, 'first_name': 'Silver coin', 'last_name': 'Trader', 'username': 'Chrisdetrader', 'type': 'private'}, 'date': 1764072753, 'text': 'EUR/USD 2025-11-25 23:11:00 OPEN 1.15266 CLOSE 1.15267 => BUY'}}
[2025-11-25 13:12:33,404] INFO: AUD/USD 2025-11-25 23:11:00 OPEN 0.6449 CLOSE 0.64487 => SELL
[2025-11-25 13:12:33,991] INFO: Telegram response: {'ok': True, 'result': {'message_id': 381, 'from': {'id': 8237319754, 'is_bot': True, 'first_name': 'TRADE Algorithms', 'username': 'Trader_algor_bot'}, 'chat': {'id': 7779937295, 'first_name': 'Silver coin', 'last_name': 'Trader', 'username': 'Chrisdetrader', 'type': 'private'}, 'date': 1764072755, 'text': 'AUD/USD 2025-11-25 23:11:00 OPEN 0.6449 CLOSE 0.64487 => SELL'}}
[2025-11-25 13:13:35,111] INFO: EUR/USD 2025-11-25 23:12:00 OPEN 1.15265 CLOSE 1.15272 => BUY
[2025-11-25 13:13:35,763] INFO: Telegram response: {'ok': True, 'result': {'message_id': 382, 'from': {'id': 8237319754, 'is_bot': True, 'first_name': 'TRADE Algorithms', 'username': 'Trader_algor_bot'}, 'chat': {'id': 7779937295, 'first_name': 'Silver coin', 'last_name': 'Trader', 'username': 'Chrisdetrader', 'type': 'private'}, 'date': 1764072816, 'text': 'EUR/USD 2025-11-25 23:12:00 OPEN 1.15265 CLOSE 1.15272 => BUY'}}
[2025-11-25 13:13:36,260] INFO: AUD/USD 2025-11-25 23:12:00 OPEN 0.64487 CLOSE 0.64487 => NEUTRAL
[2025-11-25 13:14:37,182] INFO: EUR/USD 2025-11-25 23:13:00 OPEN 1.15273 CLOSE 1.15282 => BUY
[2025-11-25 13:14:37,737] INFO: Telegram response: {'ok': True, 'result': {'message_id': 383, 'from': {'id': 8237319754, 'is_bot': True, 'first_name': 'TRADE Algorithms', 'username': 'Trader_algor_bot'}, 'chat': {'id': 7779937295, 'first_name': 'Silver coin', 'last_name': 'Trader', 'username': 'Chrisdetrader', 'type': 'private'}, 'date': 1764072878, 'text': 'EUR/USD 2025-11-25 23:13:00 OPEN 1.15273 CLOSE 1.15282 => BUY'}}
[2025-11-25 13:14:38,246] INFO: AUD/USD 2025-11-25 23:13:00 OPEN 0.64487 CLOSE 0.64489 => BUY
[2025-11-25 13:14:38,774] INFO: Telegram response: {'ok': True, 'result': {'message_id': 384, 'from': {'id': 8237319754, 'is_bot': True, 'first_name': 'TRADE Algorithms', 'username': 'Trader_algor_bot'}, 'chat': {'id': 7779937295, 'first_name': 'Silver coin', 'last_name': 'Trader', 'username': 'Chrisdetrader', 'type': 'private'}, 'date': 1764072879, 'text': 'AUD/USD 2025-11-25 23:13:00 OPEN 0.64487 CLOSE 0.64489 => BUY'}}
[2025-11-25 13:15:39,861] INFO: EUR/USD 2025-11-25 23:14:00 OPEN 1.15279 CLOSE 1.15283 => BUY
[2025-11-25 13:15:40,445] INFO: Telegram response: {'ok': True, 'result': {'message_id': 385, 'from': {'id': 8237319754, 'is_bot': True, 'first_name': 'TRADE Algorithms', 'username': 'Trader_algor_bot'}, 'chat': {'id': 7779937295, 'first_name': 'Silver coin', 'last_name': 'Trader', 'username': 'Chrisdetrader', 'type': 'private'}, 'date': 1764072941, 'text': 'EUR/USD 2025-11-25 23:14:00 OPEN 1.15279 CLOSE 1.15283 => BUY'}}
[2025-11-25 13:15:40,934] INFO: AUD/USD 2025-11-25 23:14:00 OPEN 0.64488 CLOSE 0.64495 => BUY
[2025-11-25 13:15:41,507] INFO: Telegram response: {'ok': True, 'result': {'message_id': 386, 'from': {'id': 8237319754, 'is_bot': True, 'first_name': 'TRADE Algorithms', 'username': 'Trader_algor_bot'}, 'chat': {'id': 7779937295, 'first_name': 'Silver coin', 'last_name': 'Trader', 'username': 'Chrisdetrader', 'type': 'private'}, 'date': 1764072942, 'text': 'AUD/USD 2025-11-25 23:14:00 OPEN 0.64488 CLOSE 0.64495 => BUY'}}
[2025-11-25 13:16:42,446] INFO: EUR/USD 2025-11-25 23:15:00 OPEN 1.15284 CLOSE 1.15287 => BUY
[2025-11-25 13:16:43,036] INFO: Telegram response: {'ok': True, 'result': {'message_id': 387, 'from': {'id': 8237319754, 'is_bot': True, 'first_name': 'TRADE Algorithms', 'username': 'Trader_algor_bot'}, 'chat': {'id': 7779937295, 'first_name': 'Silver coin', 'last_name': 'Trader', 'username': 'Chrisdetrader', 'type': 'private'}, 'date': 1764073004, 'text': 'EUR/USD 2025-11-25 23:15:00 OPEN 1.15284 CLOSE 1.15287 => BUY'}}
[2025-11-25 13:16:43,543] INFO: AUD/USD 2025-11-25 23:15:00 OPEN 0.64496 CLOSE 0.64499 => BUY
[2025-11-25 13:16:44,110] INFO: Telegram response: {'ok': True, 'result': {'message_id': 388, 'from': {'id': 8237319754, 'is_bot': True, 'first_name': 'TRADE Algorithms', 'username': 'Trader_algor_bot'}, 'chat': {'id': 7779937295, 'first_name': 'Silver coin', 'last_name': 'Trader', 'username': 'Chrisdetrader', 'type': 'private'}, 'date': 1764073005, 'text': 'AUD/USD 2025-11-25 23:15:00 OPEN 0.64496 CLOSE 0.64499 => BUY'}}
[2025-11-25 13:17:45,022] INFO: EUR/USD 2025-11-25 23:16:00 OPEN 1.15284 CLOSE 1.15285 => BUY
[2025-11-25 13:17:45,793] INFO: Telegram response: {'ok': True, 'result': {'message_id': 389, 'from': {'id': 8237319754, 'is_bot': True, 'first_name': 'TRADE Algorithms', 'username': 'Trader_algor_bot'}, 'chat': {'id': 7779937295, 'first_name': 'Silver coin', 'last_name': 'Trader', 'username': 'Chrisdetrader', 'type': 'private'}, 'date': 1764073066, 'text': 'EUR/USD 2025-11-25 23:16:00 OPEN 1.15284 CLOSE 1.15285 => BUY'}}
[2025-11-25 13:17:46,294] INFO: AUD/USD 2025-11-25 23:16:00 OPEN 0.64498 CLOSE 0.64495 => SELL
[2025-11-25 13:17:46,911] INFO: Telegram response: {'ok': True, 'result': {'message_id': 390, 'from': {'id': 8237319754, 'is_bot': True, 'first_name': 'TRADE Algorithms', 'username': 'Trader_algor_bot'}, 'chat': {'id': 7779937295, 'first_name': 'Silver coin', 'last_name': 'Trader', 'username': 'Chrisdetrader', 'type': 'private'}, 'date': 1764073067, 'text': 'AUD/USD 2025-11-25 23:16:00 OPEN 0.64498 CLOSE 0.64495 => SELL'}}
[2025-11-25 13:18:48,404] INFO: EUR/USD 2025-11-25 23:17:00 OPEN 1.15288 CLOSE 1.15298 => BUY
[2025-11-25 13:18:49,101] INFO: Telegram response: {'ok': True, 'result': {'message_id': 391, 'from': {'id': 8237319754, 'is_bot': True, 'first_name': 'TRADE Algorithms', 'username': 'Trader_algor_bot'}, 'chat': {'id': 7779937295, 'first_name': 'Silver coin', 'last_name': 'Trader', 'username': 'Chrisdetrader', 'type': 'private'}, 'date': 1764073130, 'text': 'EUR/USD 2025-11-25 23:17:00 OPEN 1.15288 CLOSE 1.15298 => BUY'}}
[2025-11-25 13:18:49,670] INFO: AUD/USD 2025-11-25 23:17:00 OPEN 0.64495 CLOSE 0.64497 => BUY
[2025-11-25 13:18:50,320] INFO: Telegram response: {'ok': True, 'result': {'message_id': 392, 'from': {'id': 8237319754, 'is_bot': True, 'first_name': 'TRADE Algorithms', 'username': 'Trader_algor_bot'}, 'chat': {'id': 7779937295, 'first_name': 'Silver coin', 'last_name': 'Trader', 'username': 'Chrisdetrader', 'type': 'private'}, 'date': 1764073131, 'text': 'AUD/USD 2025-11-25 23:17:00 OPEN 0.64495 CLOSE 0.64497 => BUY'}}
[2025-11-25 13:19:51,379] INFO: EUR/USD 2025-11-25 23:18:00 OPEN 1.15295 CLOSE 1.15296 => BUY
[2025-11-25 13:19:51,994] INFO: Telegram response: {'ok': True, 'result': {'message_id': 393, 'from': {'id': 8237319754, 'is_bot': True, 'first_name': 'TRADE Algorithms', 'username': 'Trader_algor_bot'}, 'chat': {'id': 7779937295, 'first_name': 'Silver coin', 'last_name': 'Trader', 'username': 'Chrisdetrader', 'type': 'private'}, 'date': 1764073193, 'text': 'EUR/USD 2025-11-25 23:18:00 OPEN 1.15295 CLOSE 1.15296 => BUY'}}
[2025-11-25 13:19:52,501] INFO: AUD/USD 2025-11-25 23:18:00 OPEN 0.64496 CLOSE 0.64496 => NEUTRAL
[2025-11-25 13:20:53,436] INFO: EUR/USD 2025-11-25 23:19:00 OPEN 1.15297 CLOSE 1.15297 => NEUTRAL
[2025-11-25 13:20:53,934] INFO: AUD/USD 2025-11-25 23:19:00 OPEN 0.64496 CLOSE 0.64496 => NEUTRAL
[2025-11-25 13:21:54,969] INFO: EUR/USD 2025-11-25 23:20:00 OPEN 1.15295 CLOSE 1.15295 => NEUTRAL
[2025-11-25 13:21:55,478] INFO: AUD/USD 2025-11-25 23:20:00 OPEN 0.64495 CLOSE 0.64497 => BUY
[2025-11-25 13:21:56,064] INFO: Telegram response: {'ok': True, 'result': {'message_id': 394, 'from': {'id': 8237319754, 'is_bot': True, 'first_name': 'TRADE Algorithms', 'username': 'Trader_algor_bot'}, 'chat': {'id': 7779937295, 'first_name': 'Silver coin', 'last_name': 'Trader', 'username': 'Chrisdetrader', 'type': 'private'}, 'date': 1764073317, 'text': 'AUD/USD 2025-11-25 23:20:00 OPEN 0.64495 CLOSE 0.64497 => BUY'}}
[2025-11-25 13:22:57,012] INFO: EUR/USD 2025-11-25 23:21:00 OPEN 1.15294 CLOSE 1.15296 => BUY
[2025-11-25 13:22:57,753] INFO: Telegram response: {'ok': True, 'result': {'message_id': 395, 'from': {'id': 8237319754, 'is_bot': True, 'first_name': 'TRADE Algorithms', 'username': 'Trader_algor_bot'}, 'chat': {'id': 7779937295, 'first_name': 'Silver coin', 'last_name': 'Trader', 'username': 'Chrisdetrader', 'type': 'private'}, 'date': 1764073378, 'text': 'EUR/USD 2025-11-25 23:21:00 OPEN 1.15294 CLOSE 1.15296 => BUY'}}
[2025-11-25 13:22:58,242] INFO: AUD/USD 2025-11-25 23:21:00 OPEN 0.64496 CLOSE 0.64496 => NEUTRAL
[2025-11-25 13:23:59,346] INFO: EUR/USD 2025-11-25 23:22:00 OPEN 1.15296 CLOSE 1.15303 => BUY
[2025-11-25 13:23:59,896] INFO: Telegram response: {'ok': True, 'result': {'message_id': 396, 'from': {'id': 8237319754, 'is_bot': True, 'first_name': 'TRADE Algorithms', 'username': 'Trader_algor_bot'}, 'chat': {'id': 7779937295, 'first_name': 'Silver coin', 'last_name': 'Trader', 'username': 'Chrisdetrader', 'type': 'private'}, 'date': 1764073440, 'text': 'EUR/USD 2025-11-25 23:22:00 OPEN 1.15296 CLOSE 1.15303 => BUY'}}
[2025-11-25 13:24:00,371] INFO: AUD/USD 2025-11-25 23:22:00 OPEN 0.64495 CLOSE 0.64499 => BUY
[2025-11-25 13:24:00,983] INFO: Telegram response: {'ok': True, 'result': {'message_id': 397, 'from': {'id': 8237319754, 'is_bot': True, 'first_name': 'TRADE Algorithms', 'username': 'Trader_algor_bot'}, 'chat': {'id': 7779937295, 'first_name': 'Silver coin', 'last_name': 'Trader', 'username': 'Chrisdetrader', 'type': 'private'}, 'date': 1764073442, 'text': 'AUD/USD 2025-11-25 23:22:00 OPEN 0.64495 CLOSE 0.64499 => BUY'}}
[2025-11-25 13:25:01,961] INFO: EUR/USD 2025-11-25 23:23:00 OPEN 1.15301 CLOSE 1.15302 => BUY
[2025-11-25 13:25:02,545] INFO: Telegram response: {'ok': True, 'result': {'message_id': 398, 'from': {'id': 8237319754, 'is_bot': True, 'first_name': 'TRADE Algorithms', 'username': 'Trader_algor_bot'}, 'chat': {'id': 7779937295, 'first_name': 'Silver coin', 'last_name': 'Trader', 'username': 'Chrisdetrader', 'type': 'private'}, 'date': 1764073503, 'text': 'EUR/USD 2025-11-25 23:23:00 OPEN 1.15301 CLOSE 1.15302 => BUY'}}
[2025-11-25 13:25:03,076] INFO: AUD/USD 2025-11-25 23:23:00 OPEN 0.64498 CLOSE 0.64493 => SELL
[2025-11-25 13:25:03,822] INFO: Telegram response: {'ok': True, 'result': {'message_id': 399, 'from': {'id': 8237319754, 'is_bot': True, 'first_name': 'TRADE Algorithms', 'username': 'Trader_algor_bot'}, 'chat': {'id': 7779937295, 'first_name': 'Silver coin', 'last_name': 'Trader', 'username': 'Chrisdetrader', 'type': 'private'}, 'date': 1764073504, 'text': 'AUD/USD 2025-11-25 23:23:00 OPEN 0.64498 CLOSE 0.64493 => SELL'}}
[2025-11-25 13:26:04,756] INFO: EUR/USD 2025-11-25 23:24:00 OPEN 1.15304 CLOSE 1.15312 => BUY
[2025-11-25 13:26:05,330] INFO: Telegram response: {'ok': True, 'result': {'message_id': 400, 'from': {'id': 8237319754, 'is_bot': True, 'first_name': 'TRADE Algorithms', 'username': 'Trader_algor_bot'}, 'chat': {'id': 7779937295, 'first_name': 'Silver coin', 'last_name': 'Trader', 'username': 'Chrisdetrader', 'type': 'private'}, 'date': 1764073566, 'text': 'EUR/USD 2025-11-25 23:24:00 OPEN 1.15304 CLOSE 1.15312 => BUY'}}
[2025-11-25 13:26:05,817] INFO: AUD/USD 2025-11-25 23:24:00 OPEN 0.64494 CLOSE 0.64498 => BUY
[2025-11-25 13:26:06,362] INFO: Telegram response: {'ok': True, 'result': {'message_id': 401, 'from': {'id': 8237319754, 'is_bot': True, 'first_name': 'TRADE Algorithms', 'username': 'Trader_algor_bot'}, 'chat': {'id': 7779937295, 'first_name': 'Silver coin', 'last_name': 'Trader', 'username': 'Chrisdetrader', 'type': 'private'}, 'date': 1764073567, 'text': 'AUD/USD 2025-11-25 23:24:00 OPEN 0.64494 CLOSE 0.64498 => BUY'}}
[2025-11-25 13:27:07,263] INFO: EUR/USD 2025-11-25 23:25:00 OPEN 1.15307 CLOSE 1.1532 => BUY
[2025-11-25 13:27:07,862] INFO: Telegram response: {'ok': True, 'result': {'message_id': 402, 'from': {'id': 8237319754, 'is_bot': True, 'first_name': 'TRADE Algorithms', 'username': 'Trader_algor_bot'}, 'chat': {'id': 7779937295, 'first_name': 'Silver coin', 'last_name': 'Trader', 'username': 'Chrisdetrader', 'type': 'private'}, 'date': 1764073628, 'text': 'EUR/USD 2025-11-25 23:25:00 OPEN 1.15307 CLOSE 1.1532 => BUY'}}
[2025-11-25 13:27:08,355] INFO: AUD/USD 2025-11-25 23:25:00 OPEN 0.64496 CLOSE 0.64504 => BUY
[2025-11-25 13:27:08,873] INFO: Telegram response: {'ok': True, 'result': {'message_id': 403, 'from': {'id': 8237319754, 'is_bot': True, 'first_name': 'TRADE Algorithms', 'username': 'Trader_algor_bot'}, 'chat': {'id': 7779937295, 'first_name': 'Silver coin', 'last_name': 'Trader', 'username': 'Chrisdetrader', 'type': 'private'}, 'date': 1764073629, 'text': 'AUD/USD 2025-11-25 23:25:00 OPEN 0.64496 CLOSE 0.64504 => BUY'}}
[2025-11-25 13:28:09,847] INFO: EUR/USD 2025-11-25 23:26:00 OPEN 1.15323 CLOSE 1.15336 => BUY
[2025-11-25 13:28:10,452] INFO: Telegram response: {'ok': True, 'result': {'message_id': 404, 'from': {'id': 8237319754, 'is_bot': True, 'first_name': 'TRADE Algorithms', 'username': 'Trader_algor_bot'}, 'chat': {'id': 7779937295, 'first_name': 'Silver coin', 'last_name': 'Trader', 'username': 'Chrisdetrader', 'type': 'private'}, 'date': 1764073691, 'text': 'EUR/USD 2025-11-25 23:26:00 OPEN 1.15323 CLOSE 1.15336 => BUY'}}
[2025-11-25 13:28:10,953] INFO: AUD/USD 2025-11-25 23:26:00 OPEN 0.64504 CLOSE 0.64507 => BUY
[2025-11-25 13:28:11,516] INFO: Telegram response: {'ok': True, 'result': {'message_id': 405, 'from': {'id': 8237319754, 'is_bot': True, 'first_name': 'TRADE Algorithms', 'username': 'Trader_algor_bot'}, 'chat': {'id': 7779937295, 'first_name': 'Silver coin', 'last_name': 'Trader', 'username': 'Chrisdetrader', 'type': 'private'}, 'date': 1764073692, 'text': 'AUD/USD 2025-11-25 23:26:00 OPEN 0.64504 CLOSE 0.64507 => BUY'}}
[2025-11-25 13:29:12,837] INFO: EUR/USD 2025-11-25 23:27:00 OPEN 1.15333 CLOSE 1.15332 => SELL
[2025-11-25 13:29:13,453] INFO: Telegram response: {'ok': True, 'result': {'message_id': 406, 'from': {'id': 8237319754, 'is_bot': True, 'first_name': 'TRADE Algorithms', 'username': 'Trader_algor_bot'}, 'chat': {'id': 7779937295, 'first_name': 'Silver coin', 'last_name': 'Trader', 'username': 'Chrisdetrader', 'type': 'private'}, 'date': 1764073754, 'text': 'EUR/USD 2025-11-25 23:27:00 OPEN 1.15333 CLOSE 1.15332 => SELL'}}
[2025-11-25 13:29:13,952] INFO: AUD/USD 2025-11-25 23:27:00 OPEN 0.64506 CLOSE 0.64506 => NEUTRAL
[2025-11-25 13:30:15,065] INFO: EUR/USD 2025-11-25 23:28:00 OPEN 1.15332 CLOSE 1.15331 => SELL
[2025-11-25 13:30:15,995] INFO: Telegram response: {'ok': True, 'result': {'message_id': 407, 'from': {'id': 8237319754, 'is_bot': True, 'first_name': 'TRADE Algorithms', 'username': 'Trader_algor_bot'}, 'chat': {'id': 7779937295, 'first_name': 'Silver coin', 'last_name': 'Trader', 'username': 'Chrisdetrader', 'type': 'private'}, 'date': 1764073817, 'text': 'EUR/USD 2025-11-25 23:28:00 OPEN 1.15332 CLOSE 1.15331 => SELL'}}
[2025-11-25 13:30:16,481] INFO: AUD/USD 2025-11-25 23:28:00 OPEN 0.64506 CLOSE 0.64504 => SELL
[2025-11-25 13:30:17,023] INFO: Telegram response: {'ok': True, 'result': {'message_id': 408, 'from': {'id': 8237319754, 'is_bot': True, 'first_name': 'TRADE Algorithms', 'username': 'Trader_algor_bot'}, 'chat': {'id': 7779937295, 'first_name': 'Silver coin', 'last_name': 'Trader', 'username': 'Chrisdetrader', 'type': 'private'}, 'date': 1764073818, 'text': 'AUD/USD 2025-11-25 23:28:00 OPEN 0.64506 CLOSE 0.64504 => SELL'}}
[2025-11-25 13:31:17,933] INFO: EUR/USD 2025-11-25 23:29:00 OPEN 1.1533 CLOSE 1.15321 => SELL
[2025-11-25 13:31:18,511] INFO: Telegram response: {'ok': True, 'result': {'message_id': 409, 'from': {'id': 8237319754, 'is_bot': True, 'first_name': 'TRADE Algorithms', 'username': 'Trader_algor_bot'}, 'chat': {'id': 7779937295, 'first_name': 'Silver coin', 'last_name': 'Trader', 'username': 'Chrisdetrader', 'type': 'private'}, 'date': 1764073879, 'text': 'EUR/USD 2025-11-25 23:29:00 OPEN 1.1533 CLOSE 1.15321 => SELL'}}
[2025-11-25 13:31:19,019] INFO: AUD/USD 2025-11-25 23:29:00 OPEN 0.64503 CLOSE 0.64497 => SELL
[2025-11-25 13:31:19,558] INFO: Telegram response: {'ok': True, 'result': {'message_id': 410, 'from': {'id': 8237319754, 'is_bot': True, 'first_name': 'TRADE Algorithms', 'username': 'Trader_algor_bot'}, 'chat': {'id': 7779937295, 'first_name': 'Silver coin', 'last_name': 'Trader', 'username': 'Chrisdetrader', 'type': 'private'}, 'date': 1764073880, 'text': 'AUD/USD 2025-11-25 23:29:00 OPEN 0.64503 CLOSE 0.64497 => SELL'}}
[2025-11-25 13:32:20,548] INFO: EUR/USD 2025-11-25 23:31:00 OPEN 1.15318 CLOSE 1.15323 => BUY
[2025-11-25 13:32:21,167] INFO: Telegram response: {'ok': True, 'result': {'message_id': 411, 'from': {'id': 8237319754, 'is_bot': True, 'first_name': 'TRADE Algorithms', 'username': 'Trader_algor_bot'}, 'chat': {'id': 7779937295, 'first_name': 'Silver coin', 'last_name': 'Trader', 'username': 'Chrisdetrader', 'type': 'private'}, 'date': 1764073942, 'text': 'EUR/USD 2025-11-25 23:31:00 OPEN 1.15318 CLOSE 1.15323 => BUY'}}
[2025-11-25 13:32:21,655] INFO: AUD/USD 2025-11-25 23:31:00 OPEN 0.64496 CLOSE 0.64496 => NEUTRAL
